  calc.y
c:\users\82107\source\repos\project214\project214\calc.y(2): error C3193: '%': '/clr' 또는 '/ZW' 명령줄 옵션이 필요합니다.
c:\users\82107\source\repos\project214\project214\calc.y(2): error C2059: 구문 오류: '{'
c:\users\82107\source\repos\project214\project214\calc.y(2): error C2143: 구문 오류: ';'이(가) '{' 앞에 없습니다.
c:\users\82107\source\repos\project214\project214\calc.y(2): error C2447: '{': 함수 헤더가 없습니다. 이전 스타일의 형식 목록입니까?
c:\users\82107\source\repos\project214\project214\calc.y(11): error C3193: '%': '/clr' 또는 '/ZW' 명령줄 옵션이 필요합니다.
c:\users\82107\source\repos\project214\project214\calc.y(12): error C4430: 형식 지정자가 없습니다. int로 가정합니다. 참고: C++에서는 기본 int를 지원하지 않습니다.
c:\users\82107\source\repos\project214\project214\calc.y(12): error C2530: 'token': 참조를 초기화해야 합니다.
c:\users\82107\source\repos\project214\project214\calc.y(12): error C2146: 구문 오류: ';'이(가) 'NUM' 식별자 앞에 없습니다.
c:\users\82107\source\repos\project214\project214\calc.y(18): error C2059: 구문 오류: '|'
c:\users\82107\source\repos\project214\project214\calc.y(20): error C4430: 형식 지정자가 없습니다. int로 가정합니다. 참고: C++에서는 기본 int를 지원하지 않습니다.
c:\users\82107\source\repos\project214\project214\calc.y(20): error C2059: 구문 오류: ':'
c:\users\82107\source\repos\project214\project214\calc.y(20): error C2059: 구문 오류: '상수'
c:\users\82107\source\repos\project214\project214\calc.y(21): error C2143: 구문 오류: ';'이(가) '{' 앞에 없습니다.
c:\users\82107\source\repos\project214\project214\calc.y(21): error C2447: '{': 함수 헤더가 없습니다. 이전 스타일의 형식 목록입니까?
c:\users\82107\source\repos\project214\project214\calc.y(23): error C4430: 형식 지정자가 없습니다. int로 가정합니다. 참고: C++에서는 기본 int를 지원하지 않습니다.
c:\users\82107\source\repos\project214\project214\calc.y(23): error C2059: 구문 오류: ':'
c:\users\82107\source\repos\project214\project214\calc.y(23): error C2065: '$$': 선언되지 않은 식별자입니다.
c:\users\82107\source\repos\project214\project214\calc.y(23): error C2065: '$1': 선언되지 않은 식별자입니다.
c:\users\82107\source\repos\project214\project214\calc.y(23): error C2059: 구문 오류: ';'
c:\users\82107\source\repos\project214\project214\calc.y(23): error C2059: 구문 오류: '}'
c:\users\82107\source\repos\project214\project214\calc.y(23): error C2143: 구문 오류: ';'이(가) '}' 앞에 없습니다.
c:\users\82107\source\repos\project214\project214\calc.y(24): error C2143: 구문 오류: ';'이(가) '{' 앞에 없습니다.
c:\users\82107\source\repos\project214\project214\calc.y(24): error C2447: '{': 함수 헤더가 없습니다. 이전 스타일의 형식 목록입니까?
c:\users\82107\source\repos\project214\project214\calc.y(25): error C2059: 구문 오류: '|'
c:\users\82107\source\repos\project214\project214\calc.y(25): error C2143: 구문 오류: ';'이(가) '{' 앞에 없습니다.
c:\users\82107\source\repos\project214\project214\calc.y(25): error C2447: '{': 함수 헤더가 없습니다. 이전 스타일의 형식 목록입니까?
c:\users\82107\source\repos\project214\project214\calc.y(26): error C2059: 구문 오류: '|'
c:\users\82107\source\repos\project214\project214\calc.y(26): error C2143: 구문 오류: ';'이(가) '{' 앞에 없습니다.
c:\users\82107\source\repos\project214\project214\calc.y(26): error C2447: '{': 함수 헤더가 없습니다. 이전 스타일의 형식 목록입니까?
c:\users\82107\source\repos\project214\project214\calc.y(27): error C2059: 구문 오류: '|'
c:\users\82107\source\repos\project214\project214\calc.y(27): error C2143: 구문 오류: ';'이(가) '{' 앞에 없습니다.
c:\users\82107\source\repos\project214\project214\calc.y(27): error C2447: '{': 함수 헤더가 없습니다. 이전 스타일의 형식 목록입니까?
c:\users\82107\source\repos\project214\project214\calc.y(28): error C2059: 구문 오류: '|'
c:\users\82107\source\repos\project214\project214\calc.y(28): error C2143: 구문 오류: ';'이(가) '{' 앞에 없습니다.
c:\users\82107\source\repos\project214\project214\calc.y(28): error C2447: '{': 함수 헤더가 없습니다. 이전 스타일의 형식 목록입니까?
c:\users\82107\source\repos\project214\project214\calc.y(29): error C2059: 구문 오류: '|'
c:\users\82107\source\repos\project214\project214\calc.y(29): error C2143: 구문 오류: ';'이(가) '{' 앞에 없습니다.
c:\users\82107\source\repos\project214\project214\calc.y(29): error C2447: '{': 함수 헤더가 없습니다. 이전 스타일의 형식 목록입니까?
c:\users\82107\source\repos\project214\project214\calc.y(30): error C2059: 구문 오류: '|'
c:\users\82107\source\repos\project214\project214\calc.y(30): error C2143: 구문 오류: ';'이(가) '{' 앞에 없습니다.
c:\users\82107\source\repos\project214\project214\calc.y(30): error C2447: '{': 함수 헤더가 없습니다. 이전 스타일의 형식 목록입니까?
c:\users\82107\source\repos\project214\project214\calc.y(31): error C2059: 구문 오류: '|'
c:\users\82107\source\repos\project214\project214\calc.y(31): error C2143: 구문 오류: ';'이(가) '{' 앞에 없습니다.
c:\users\82107\source\repos\project214\project214\calc.y(31): error C2447: '{': 함수 헤더가 없습니다. 이전 스타일의 형식 목록입니까?
c:\users\82107\source\repos\project214\project214\calc.y(33): error C3193: '%': '/clr' 또는 '/ZW' 명령줄 옵션이 필요합니다.
c:\users\82107\source\repos\project214\project214\calc.y(33): error C2062: 예기치 않은 'void' 형식입니다.
c:\users\82107\source\repos\project214\project214\calc.y(34): error C2143: 구문 오류: ';'이(가) '{' 앞에 없습니다.
c:\users\82107\source\repos\project214\project214\calc.y(34): error C2447: '{': 함수 헤더가 없습니다. 이전 스타일의 형식 목록입니까?
c:\users\82107\source\repos\project214\project214\calc.y(39): error C3861: 'yyparse': 식별자를 찾을 수 없습니다.
c:\users\82107\source\repos\project214\project214\calc.y(45): error C3861: 'getchar': 식별자를 찾을 수 없습니다.
c:\users\82107\source\repos\project214\project214\calc.y(47): error C3861: 'isdigit': 식별자를 찾을 수 없습니다.
c:\users\82107\source\repos\project214\project214\calc.y(49): error C3861: '__acrt_iob_func': 식별자를 찾을 수 없습니다.
c:\users\82107\source\repos\project214\project214\calc.y(49): error C3861: 'ungetc': 식별자를 찾을 수 없습니다.
c:\users\82107\source\repos\project214\project214\calc.y(50): error C2065: 'yylval': 선언되지 않은 식별자입니다.
c:\users\82107\source\repos\project214\project214\calc.y(50): error C3861: 'scanf': 식별자를 찾을 수 없습니다.
